<?xml version="1.0" encoding="UTF-8"?>
<!-- Generated by org.testng.reporters.JUnitReportReporter -->
<testsuite hostname="GOWE-M-F77P" failures="0" tests="2" name="gowe.testCases.HomePage" time="28.371" errors="0" timestamp="2024-09-29T16:48:58 IST" skipped="0">
  <testcase classname="gowe.testCases.HomePage" name="TC_02" time="13.148"/>
  <system-out/>
  <testcase classname="gowe.testCases.HomePage" name="TC_01" time="15.223"/>
  <system-out/>
</testsuite> <!-- gowe.testCases.HomePage -->
